c:\users\merve\source\repos\menü\menü\x64\debug\vc143.pdb
c:\users\merve\source\repos\menü\menü\x64\debug\vc143.idb
c:\users\merve\source\repos\menü\menü\x64\debug\main.obj
c:\users\merve\source\repos\menü\menü\x64\debug\modelleme.obj
c:\users\merve\source\repos\menü\menü\x64\debug\minigame.obj
c:\users\merve\source\repos\menü\x64\debug\menü.pdb
c:\users\merve\source\repos\menü\menü\x64\debug\menü.tlog\cl.command.1.tlog
c:\users\merve\source\repos\menü\menü\x64\debug\menü.tlog\cl.items.tlog
c:\users\merve\source\repos\menü\menü\x64\debug\menü.tlog\cl.read.1.tlog
c:\users\merve\source\repos\menü\menü\x64\debug\menü.tlog\cl.write.1.tlog
c:\users\merve\source\repos\menü\menü\x64\debug\menü.tlog\link-cvtres.read.1.tlog
c:\users\merve\source\repos\menü\menü\x64\debug\menü.tlog\link-cvtres.write.1.tlog
c:\users\merve\source\repos\menü\menü\x64\debug\menü.tlog\link-rc.read.1.tlog
c:\users\merve\source\repos\menü\menü\x64\debug\menü.tlog\link-rc.write.1.tlog
c:\users\merve\source\repos\menü\menü\x64\debug\menü.tlog\link.13924-cvtres.read.1.tlog
c:\users\merve\source\repos\menü\menü\x64\debug\menü.tlog\link.13924-cvtres.write.1.tlog
c:\users\merve\source\repos\menü\menü\x64\debug\menü.tlog\link.13924-rc.read.1.tlog
c:\users\merve\source\repos\menü\menü\x64\debug\menü.tlog\link.13924-rc.write.1.tlog
c:\users\merve\source\repos\menü\menü\x64\debug\menü.tlog\link.13924.read.1.tlog
c:\users\merve\source\repos\menü\menü\x64\debug\menü.tlog\link.13924.read.2.tlog
c:\users\merve\source\repos\menü\menü\x64\debug\menü.tlog\link.13924.write.1.tlog
c:\users\merve\source\repos\menü\menü\x64\debug\menü.tlog\link.command.1.tlog
c:\users\merve\source\repos\menü\menü\x64\debug\menü.tlog\link.read.1.tlog
c:\users\merve\source\repos\menü\menü\x64\debug\menü.tlog\link.read.2.tlog
c:\users\merve\source\repos\menü\menü\x64\debug\menü.tlog\link.write.1.tlog
